<?xml version="1.0" encoding="UTF-8" standalone="yes"?>
<testsuites time="228.692" tests="2" failures="0" errors="0">
    <testsuite name="GraphWalker" tests="2" failures="0" errors="0" time="228.692" timestamp="2022-06-14T01:58:41">
        <properties>
            <property name="awt.toolkit" value="sun.awt.windows.WToolkit"/>
            <property name="classworlds.conf" value="C:\Program Files\apache-maven-3.8.4\bin\m2.conf"/>
            <property name="env.=D:" value="D:\CODE\TA\graphwalker-appium"/>
            <property name="env.=EXITCODE" value="00000000"/>
            <property name="env.ALLUSERSPROFILE" value="C:\ProgramData"/>
            <property name="env.AMDRMPATH" value="C:\Program Files\AMD\RyzenMaster\"/>
            <property name="env.ANDROID_SDK_ROOT" value="C:\Users\Maulidito\AppData\Local\Android\Sdk"/>
            <property name="env.APPDATA" value="C:\Users\Maulidito\AppData\Roaming"/>
            <property name="env.APPLICATION_INSIGHTS_NO_DIAGNOSTIC_CHANNEL" value="true"/>
            <property name="env.CHOCOLATEYINSTALL" value="C:\ProgramData\chocolatey"/>
            <property name="env.CHOCOLATEYLASTPATHUPDATE" value="132699426200495024"/>
            <property name="env.CHROME_CRASHPAD_PIPE_NAME" value="\\.\pipe\crashpad_18212_ZRKNUFWOPDIYTEEN"/>
            <property name="env.CLASSPATH" value=".;"/>
            <property name="env.CLASSWORLDS_JAR" value="&quot;C:\Program Files\apache-maven-3.8.4\boot\plexus-classworlds-2.6.0.jar&quot;"/>
            <property name="env.CLASSWORLDS_LAUNCHER" value="org.codehaus.plexus.classworlds.launcher.Launcher"/>
            <property name="env.COLORTERM" value="truecolor"/>
            <property name="env.COMMONPROGRAMFILES" value="C:\Program Files\Common Files"/>
            <property name="env.COMMONPROGRAMFILES(X86)" value="C:\Program Files (x86)\Common Files"/>
            <property name="env.COMMONPROGRAMW6432" value="C:\Program Files\Common Files"/>
            <property name="env.COMPUTERNAME" value="DESKTOP-D00UOFF"/>
            <property name="env.COMSPEC" value="C:\WINDOWS\system32\cmd.exe"/>
            <property name="env.DRIVERDATA" value="C:\Windows\System32\Drivers\DriverData"/>
            <property name="env.ERROR_CODE" value="0"/>
            <property name="env.EXEC_DIR" value="D:\CODE\TA\graphwalker-appium"/>
            <property name="env.GIT_ASKPASS" value="c:\Users\Maulidito\AppData\Local\Programs\Microsoft VS Code\resources\app\extensions\git\dist\askpass.sh"/>
            <property name="env.GOOGLE_API_KEY" value="no"/>
            <property name="env.GOOGLE_DEFAULT_CLIENT_ID" value="no"/>
            <property name="env.GOOGLE_DEFAULT_CLIENT_SECRET" value="no"/>
            <property name="env.GOPATH" value="C:\Go\go"/>
            <property name="env.GOROOT" value="C:\Go"/>
            <property name="env.HOMEDRIVE" value="C:"/>
            <property name="env.HOMEPATH" value="\Users\Maulidito"/>
            <property name="env.JAVACMD" value="C:\Program Files\Java\jdk1.8.0_211\bin\java.exe"/>
            <property name="env.JAVA_HOME" value="C:\Program Files\Java\jdk1.8.0_211"/>
            <property name="env.JVMCONFIG" value="\.mvn\jvm.config"/>
            <property name="env.LANG" value="en_US.UTF-8"/>
            <property name="env.LOCALAPPDATA" value="C:\Users\Maulidito\AppData\Local"/>
            <property name="env.LOGONSERVER" value="\\DESKTOP-D00UOFF"/>
            <property name="env.M2_HOME" value="C:\Program Files\apache-maven-3.8.4"/>
            <property name="env.MAVEN_CMD_LINE_ARGS" value="graphwalker:test"/>
            <property name="env.MAVEN_HOME" value="C:\Program Files\apache-maven-3.8.4"/>
            <property name="env.MAVEN_PROJECTBASEDIR" value="D:\CODE\TA\graphwalker-appium"/>
            <property name="env.MSMPI_BENCHMARKS" value="C:\Program Files\Microsoft MPI\Benchmarks\"/>
            <property name="env.MSMPI_BIN" value="C:\Program Files\Microsoft MPI\Bin\"/>
            <property name="env.NUMBER_OF_PROCESSORS" value="4"/>
            <property name="env.ONEDRIVE" value="C:\Users\Maulidito\OneDrive"/>
            <property name="env.ONEDRIVECONSUMER" value="C:\Users\Maulidito\OneDrive"/>
            <property name="env.ORIGINAL_XDG_CURRENT_DESKTOP" value="undefined"/>
            <property name="env.OS" value="Windows_NT"/>
            <property name="env.PATH" value="C:\Program Files\Microsoft MPI\Bin\;C:\Python39;C:\Python39\Scripts;C:\Program Files\nodejs\;C:\ProgramData\chocolatey\bin;C:\Program Files\Genymobile\Genymotion\tools;C:\Program Files\kotlinc\bin;C:\Windows\System32;C:\Program Files (x86)\NVIDIA Corporation\PhysX\Common;C:\WINDOWS\system32;C:\WINDOWS;C:\WINDOWS\System32\Wbem;C:\WINDOWS\System32\WindowsPowerShell\v1.0\;C:\WINDOWS\System32\OpenSSH\;C:\Program Files\Git\cmd;C:\Program Files\Java\jdk1.8.0_211\bin;C:\Program Files\apache-maven-3.8.4\bin;C:\Users\Maulidito\AppData\Local\Microsoft\WindowsApps;C:\Users\Maulidito\go\bin;C:\Users\Maulidito\AppData\Local\Programs\Microsoft VS Code\bin;C:\Python39;C:\Python39\Scripts;C:\Go\bin;C:\Users\Maulidito\AppData\Roaming\npm;C:\Program Files\Android\Android Studio\jre;C:\Users\Maulidito\Development\sdk\flutter\bin;"/>
            <property name="env.PATHEXT" value=".COM;.EXE;.BAT;.CMD;.VBS;.VBE;.JS;.JSE;.WSF;.WSH;.MSC"/>
            <property name="env.PROCESSOR_ARCHITECTURE" value="AMD64"/>
            <property name="env.PROCESSOR_IDENTIFIER" value="AMD64 Family 23 Model 17 Stepping 0, AuthenticAMD"/>
            <property name="env.PROCESSOR_LEVEL" value="23"/>
            <property name="env.PROCESSOR_REVISION" value="1100"/>
            <property name="env.PROGRAMDATA" value="C:\ProgramData"/>
            <property name="env.PROGRAMFILES" value="C:\Program Files"/>
            <property name="env.PROGRAMFILES(X86)" value="C:\Program Files (x86)"/>
            <property name="env.PROGRAMW6432" value="C:\Program Files"/>
            <property name="env.PROMPT" value="$P$G"/>
            <property name="env.PSMODULEPATH" value="C:\Program Files\WindowsPowerShell\Modules;C:\WINDOWS\system32\WindowsPowerShell\v1.0\Modules"/>
            <property name="env.PUBLIC" value="C:\Users\Public"/>
            <property name="env.SESSIONNAME" value="Console"/>
            <property name="env.SYSTEMDRIVE" value="C:"/>
            <property name="env.SYSTEMROOT" value="C:\WINDOWS"/>
            <property name="env.TEMP" value="C:\Users\MAULID~1\AppData\Local\Temp"/>
            <property name="env.TERM_PROGRAM" value="vscode"/>
            <property name="env.TERM_PROGRAM_VERSION" value="1.68.0"/>
            <property name="env.TMP" value="C:\Users\MAULID~1\AppData\Local\Temp"/>
            <property name="env.USERDOMAIN" value="DESKTOP-D00UOFF"/>
            <property name="env.USERDOMAIN_ROAMINGPROFILE" value="DESKTOP-D00UOFF"/>
            <property name="env.USERNAME" value="Maulidito"/>
            <property name="env.USERPROFILE" value="C:\Users\Maulidito"/>
            <property name="env.VBOX_MSI_INSTALL_PATH" value="C:\Program Files\Oracle\VirtualBox\"/>
            <property name="env.VSCODE_GIT_ASKPASS_EXTRA_ARGS" value="--ms-enable-electron-run-as-node"/>
            <property name="env.VSCODE_GIT_ASKPASS_MAIN" value="c:\Users\Maulidito\AppData\Local\Programs\Microsoft VS Code\resources\app\extensions\git\dist\askpass-main.js"/>
            <property name="env.VSCODE_GIT_ASKPASS_NODE" value="C:\Users\Maulidito\AppData\Local\Programs\Microsoft VS Code\Code.exe"/>
            <property name="env.VSCODE_GIT_IPC_HANDLE" value="\\.\pipe\vscode-git-8eac08a3f4-sock"/>
            <property name="env.WDIR" value="D:\"/>
            <property name="env.WINDIR" value="C:\WINDOWS"/>
            <property name="env.__COMPAT_LAYER" value="DetectorsAppHealth"/>
            <property name="file.encoding" value="Cp1252"/>
            <property name="file.encoding.pkg" value="sun.io"/>
            <property name="file.separator" value="\"/>
            <property name="java.awt.graphicsenv" value="sun.awt.Win32GraphicsEnvironment"/>
            <property name="java.awt.printerjob" value="sun.awt.windows.WPrinterJob"/>
            <property name="java.class.path" value="C:\Program Files\apache-maven-3.8.4\boot\plexus-classworlds-2.6.0.jar"/>
            <property name="java.class.version" value="52.0"/>
            <property name="java.endorsed.dirs" value="C:\Program Files\Java\jdk1.8.0_211\jre\lib\endorsed"/>
            <property name="java.ext.dirs" value="C:\Program Files\Java\jdk1.8.0_211\jre\lib\ext;C:\WINDOWS\Sun\Java\lib\ext"/>
            <property name="java.home" value="C:\Program Files\Java\jdk1.8.0_211\jre"/>
            <property name="java.io.tmpdir" value="C:\Users\MAULID~1\AppData\Local\Temp\"/>
            <property name="java.library.path" value="C:\Program Files\Java\jdk1.8.0_211\bin;C:\WINDOWS\Sun\Java\bin;C:\WINDOWS\system32;C:\WINDOWS;C:\Program Files\Microsoft MPI\Bin\;C:\Python39;C:\Python39\Scripts;C:\Program Files\nodejs\;C:\ProgramData\chocolatey\bin;C:\Program Files\Genymobile\Genymotion\tools;C:\Program Files\kotlinc\bin;C:\Windows\System32;C:\Program Files (x86)\NVIDIA Corporation\PhysX\Common;C:\WINDOWS\system32;C:\WINDOWS;C:\WINDOWS\System32\Wbem;C:\WINDOWS\System32\WindowsPowerShell\v1.0\;C:\WINDOWS\System32\OpenSSH\;C:\Program Files\Git\cmd;C:\Program Files\Java\jdk1.8.0_211\bin;C:\Program Files\apache-maven-3.8.4\bin;C:\Users\Maulidito\AppData\Local\Microsoft\WindowsApps;C:\Users\Maulidito\go\bin;C:\Users\Maulidito\AppData\Local\Programs\Microsoft VS Code\bin;C:\Python39;C:\Python39\Scripts;C:\Go\bin;C:\Users\Maulidito\AppData\Roaming\npm;C:\Program Files\Android\Android Studio\jre;C:\Users\Maulidito\Development\sdk\flutter\bin;;."/>
            <property name="java.runtime.name" value="Java(TM) SE Runtime Environment"/>
            <property name="java.runtime.version" value="1.8.0_211-b12"/>
            <property name="java.specification.name" value="Java Platform API Specification"/>
            <property name="java.specification.vendor" value="Oracle Corporation"/>
            <property name="java.specification.version" value="1.8"/>
            <property name="java.vendor" value="Oracle Corporation"/>
            <property name="java.vendor.url" value="http://java.oracle.com/"/>
            <property name="java.vendor.url.bug" value="http://bugreport.sun.com/bugreport/"/>
            <property name="java.version" value="1.8.0_211"/>
            <property name="java.vm.info" value="mixed mode"/>
            <property name="java.vm.name" value="Java HotSpot(TM) 64-Bit Server VM"/>
            <property name="java.vm.specification.name" value="Java Virtual Machine Specification"/>
            <property name="java.vm.specification.vendor" value="Oracle Corporation"/>
            <property name="java.vm.specification.version" value="1.8"/>
            <property name="java.vm.vendor" value="Oracle Corporation"/>
            <property name="java.vm.version" value="25.211-b12"/>
            <property name="library.jansi.path" value="C:\Program Files\apache-maven-3.8.4\lib\jansi-native"/>
            <property name="line.separator" value="&#13;&#10;"/>
            <property name="maven.build.version" value="Apache Maven 3.8.4 (9b656c72d54e5bacbed989b64718c159fe39b537)"/>
            <property name="maven.conf" value="C:\Program Files\apache-maven-3.8.4/conf"/>
            <property name="maven.home" value="C:\Program Files\apache-maven-3.8.4"/>
            <property name="maven.multiModuleProjectDirectory" value="D:\CODE\TA\graphwalker-appium"/>
            <property name="maven.version" value="3.8.4"/>
            <property name="os.arch" value="amd64"/>
            <property name="os.name" value="Windows 10"/>
            <property name="os.version" value="10.0"/>
            <property name="path.separator" value=";"/>
            <property name="sun.arch.data.model" value="64"/>
            <property name="sun.boot.class.path" value="C:\Program Files\Java\jdk1.8.0_211\jre\lib\resources.jar;C:\Program Files\Java\jdk1.8.0_211\jre\lib\rt.jar;C:\Program Files\Java\jdk1.8.0_211\jre\lib\sunrsasign.jar;C:\Program Files\Java\jdk1.8.0_211\jre\lib\jsse.jar;C:\Program Files\Java\jdk1.8.0_211\jre\lib\jce.jar;C:\Program Files\Java\jdk1.8.0_211\jre\lib\charsets.jar;C:\Program Files\Java\jdk1.8.0_211\jre\lib\jfr.jar;C:\Program Files\Java\jdk1.8.0_211\jre\classes"/>
            <property name="sun.boot.library.path" value="C:\Program Files\Java\jdk1.8.0_211\jre\bin"/>
            <property name="sun.cpu.endian" value="little"/>
            <property name="sun.cpu.isalist" value="amd64"/>
            <property name="sun.desktop" value="windows"/>
            <property name="sun.io.unicode.encoding" value="UnicodeLittle"/>
            <property name="sun.java.command" value="org.codehaus.plexus.classworlds.launcher.Launcher graphwalker:test"/>
            <property name="sun.java.launcher" value="SUN_STANDARD"/>
            <property name="sun.jnu.encoding" value="Cp1252"/>
            <property name="sun.management.compiler" value="HotSpot 64-Bit Tiered Compilers"/>
            <property name="sun.os.patch.level" value=""/>
            <property name="sun.stderr.encoding" value="cp437"/>
            <property name="sun.stdout.encoding" value="cp437"/>
            <property name="user.country" value="US"/>
            <property name="user.dir" value="D:\CODE\TA\graphwalker-appium"/>
            <property name="user.home" value="C:\Users\Maulidito"/>
            <property name="user.language" value="en"/>
            <property name="user.name" value="Maulidito"/>
            <property name="user.script" value=""/>
            <property name="user.timezone" value=""/>
            <property name="user.variant" value=""/>
        </properties>
        <testcase name="EHAC_Test" time="228.692" classname="com.tugasakhir.EHAC_Test"/>
        <testcase name="Home_Test" time="228.692" classname="com.tugasakhir.Home_Test"/>
    </testsuite>
</testsuites>
